running install
running bdist_egg
running egg_info
writing pbr to omnitune.egg-info/pbr.json
writing requirements to omnitune.egg-info/requires.txt
writing omnitune.egg-info/PKG-INFO
writing top-level names to omnitune.egg-info/top_level.txt
writing dependency_links to omnitune.egg-info/dependency_links.txt
reading manifest file 'omnitune.egg-info/SOURCES.txt'
writing manifest file 'omnitune.egg-info/SOURCES.txt'
installing library code to build/bdist.macosx-10.10-x86_64/egg
running install_lib
running build_py
copying omnitune/skelcl/visualise.py -> build/lib/omnitune/skelcl
creating build/bdist.macosx-10.10-x86_64/egg
creating build/bdist.macosx-10.10-x86_64/egg/omnitune
copying build/lib/omnitune/__init__.py -> build/bdist.macosx-10.10-x86_64/egg/omnitune
copying build/lib/omnitune/llvm.py -> build/bdist.macosx-10.10-x86_64/egg/omnitune
copying build/lib/omnitune/opencl.py -> build/bdist.macosx-10.10-x86_64/egg/omnitune
copying build/lib/omnitune/opencl_tim.py -> build/bdist.macosx-10.10-x86_64/egg/omnitune
creating build/bdist.macosx-10.10-x86_64/egg/omnitune/skelcl
copying build/lib/omnitune/skelcl/__init__.py -> build/bdist.macosx-10.10-x86_64/egg/omnitune/skelcl
creating build/bdist.macosx-10.10-x86_64/egg/omnitune/skelcl/data
copying build/lib/omnitune/skelcl/data/best_classification_results.sql -> build/bdist.macosx-10.10-x86_64/egg/omnitune/skelcl/data
copying build/lib/omnitune/skelcl/data/best_syn_real_classification_results.sql -> build/bdist.macosx-10.10-x86_64/egg/omnitune/skelcl/data
copying build/lib/omnitune/skelcl/data/biggest_syn_real_classification_performance_drop.sql -> build/bdist.macosx-10.10-x86_64/egg/omnitune/skelcl/data
copying build/lib/omnitune/skelcl/data/create_tables.sql -> build/bdist.macosx-10.10-x86_64/egg/omnitune/skelcl/data
copying build/lib/omnitune/skelcl/data/dump_csvs.sql -> build/bdist.macosx-10.10-x86_64/egg/omnitune/skelcl/data
copying build/lib/omnitune/skelcl/data/empty_tables.sql -> build/bdist.macosx-10.10-x86_64/egg/omnitune/skelcl/data
copying build/lib/omnitune/skelcl/data/export_csvs.sql -> build/bdist.macosx-10.10-x86_64/egg/omnitune/skelcl/data
copying build/lib/omnitune/skelcl/data/insert_oracle_param.sql -> build/bdist.macosx-10.10-x86_64/egg/omnitune/skelcl/data
copying build/lib/omnitune/skelcl/data/insert_runtime_stat.sql -> build/bdist.macosx-10.10-x86_64/egg/omnitune/skelcl/data
copying build/lib/omnitune/skelcl/data/merge_rhs.sql -> build/bdist.macosx-10.10-x86_64/egg/omnitune/skelcl/data
copying build/lib/omnitune/skelcl/data/perf_vs_max_c.sql -> build/bdist.macosx-10.10-x86_64/egg/omnitune/skelcl/data
copying build/lib/omnitune/skelcl/data/perf_vs_max_r.sql -> build/bdist.macosx-10.10-x86_64/egg/omnitune/skelcl/data
copying build/lib/omnitune/skelcl/data/perf_vs_max_wgsize.sql -> build/bdist.macosx-10.10-x86_64/egg/omnitune/skelcl/data
copying build/lib/omnitune/skelcl/data/populate_param_stats.sql -> build/bdist.macosx-10.10-x86_64/egg/omnitune/skelcl/data
copying build/lib/omnitune/skelcl/data/populate_runtime_stats.sql -> build/bdist.macosx-10.10-x86_64/egg/omnitune/skelcl/data
copying build/lib/omnitune/skelcl/data/populate_scenario_stats.sql -> build/bdist.macosx-10.10-x86_64/egg/omnitune/skelcl/data
copying build/lib/omnitune/skelcl/data/select_perf_param_legal.sql -> build/bdist.macosx-10.10-x86_64/egg/omnitune/skelcl/data
copying build/lib/omnitune/skelcl/data/select_perf_scenario.sql -> build/bdist.macosx-10.10-x86_64/egg/omnitune/skelcl/data
copying build/lib/omnitune/skelcl/data/select_ratio_max_wgsize.sql -> build/bdist.macosx-10.10-x86_64/egg/omnitune/skelcl/data
copying build/lib/omnitune/skelcl/dataset.py -> build/bdist.macosx-10.10-x86_64/egg/omnitune/skelcl
copying build/lib/omnitune/skelcl/db.py -> build/bdist.macosx-10.10-x86_64/egg/omnitune/skelcl
copying build/lib/omnitune/skelcl/features.py -> build/bdist.macosx-10.10-x86_64/egg/omnitune/skelcl
copying build/lib/omnitune/skelcl/migrate.py -> build/bdist.macosx-10.10-x86_64/egg/omnitune/skelcl
copying build/lib/omnitune/skelcl/proxy.py -> build/bdist.macosx-10.10-x86_64/egg/omnitune/skelcl
copying build/lib/omnitune/skelcl/server.py -> build/bdist.macosx-10.10-x86_64/egg/omnitune/skelcl
copying build/lib/omnitune/skelcl/space.py -> build/bdist.macosx-10.10-x86_64/egg/omnitune/skelcl
copying build/lib/omnitune/skelcl/training.py -> build/bdist.macosx-10.10-x86_64/egg/omnitune/skelcl
copying build/lib/omnitune/skelcl/visualise.py -> build/bdist.macosx-10.10-x86_64/egg/omnitune/skelcl
copying build/lib/omnitune/util.py -> build/bdist.macosx-10.10-x86_64/egg/omnitune
byte-compiling build/bdist.macosx-10.10-x86_64/egg/omnitune/__init__.py to __init__.pyc
byte-compiling build/bdist.macosx-10.10-x86_64/egg/omnitune/llvm.py to llvm.pyc
byte-compiling build/bdist.macosx-10.10-x86_64/egg/omnitune/opencl.py to opencl.pyc
byte-compiling build/bdist.macosx-10.10-x86_64/egg/omnitune/opencl_tim.py to opencl_tim.pyc
byte-compiling build/bdist.macosx-10.10-x86_64/egg/omnitune/skelcl/__init__.py to __init__.pyc
byte-compiling build/bdist.macosx-10.10-x86_64/egg/omnitune/skelcl/dataset.py to dataset.pyc
byte-compiling build/bdist.macosx-10.10-x86_64/egg/omnitune/skelcl/db.py to db.pyc
byte-compiling build/bdist.macosx-10.10-x86_64/egg/omnitune/skelcl/features.py to features.pyc
byte-compiling build/bdist.macosx-10.10-x86_64/egg/omnitune/skelcl/migrate.py to migrate.pyc
byte-compiling build/bdist.macosx-10.10-x86_64/egg/omnitune/skelcl/proxy.py to proxy.pyc
byte-compiling build/bdist.macosx-10.10-x86_64/egg/omnitune/skelcl/server.py to server.pyc
byte-compiling build/bdist.macosx-10.10-x86_64/egg/omnitune/skelcl/space.py to space.pyc
byte-compiling build/bdist.macosx-10.10-x86_64/egg/omnitune/skelcl/training.py to training.pyc
byte-compiling build/bdist.macosx-10.10-x86_64/egg/omnitune/skelcl/visualise.py to visualise.pyc
byte-compiling build/bdist.macosx-10.10-x86_64/egg/omnitune/util.py to util.pyc
installing package data to build/bdist.macosx-10.10-x86_64/egg
running install_data
creating build/bdist.macosx-10.10-x86_64/egg/EGG-INFO
installing scripts to build/bdist.macosx-10.10-x86_64/egg/EGG-INFO/scripts
running install_scripts
running build_scripts
creating build/bdist.macosx-10.10-x86_64/egg/EGG-INFO/scripts
copying build/scripts-2.7/omnitune-migrate -> build/bdist.macosx-10.10-x86_64/egg/EGG-INFO/scripts
copying build/scripts-2.7/omnitune-mount -> build/bdist.macosx-10.10-x86_64/egg/EGG-INFO/scripts
copying build/scripts-2.7/omnitune-proxy -> build/bdist.macosx-10.10-x86_64/egg/EGG-INFO/scripts
copying build/scripts-2.7/omnitune-pull -> build/bdist.macosx-10.10-x86_64/egg/EGG-INFO/scripts
copying build/scripts-2.7/omnitune-push -> build/bdist.macosx-10.10-x86_64/egg/EGG-INFO/scripts
copying build/scripts-2.7/omnitune-repair -> build/bdist.macosx-10.10-x86_64/egg/EGG-INFO/scripts
copying build/scripts-2.7/omnitune-server -> build/bdist.macosx-10.10-x86_64/egg/EGG-INFO/scripts
copying build/scripts-2.7/omnitune-stats -> build/bdist.macosx-10.10-x86_64/egg/EGG-INFO/scripts
copying build/scripts-2.7/omnitune-umount -> build/bdist.macosx-10.10-x86_64/egg/EGG-INFO/scripts
changing mode of build/bdist.macosx-10.10-x86_64/egg/EGG-INFO/scripts/omnitune-migrate to 755
changing mode of build/bdist.macosx-10.10-x86_64/egg/EGG-INFO/scripts/omnitune-mount to 755
changing mode of build/bdist.macosx-10.10-x86_64/egg/EGG-INFO/scripts/omnitune-proxy to 755
changing mode of build/bdist.macosx-10.10-x86_64/egg/EGG-INFO/scripts/omnitune-pull to 755
changing mode of build/bdist.macosx-10.10-x86_64/egg/EGG-INFO/scripts/omnitune-push to 755
changing mode of build/bdist.macosx-10.10-x86_64/egg/EGG-INFO/scripts/omnitune-repair to 755
changing mode of build/bdist.macosx-10.10-x86_64/egg/EGG-INFO/scripts/omnitune-server to 755
changing mode of build/bdist.macosx-10.10-x86_64/egg/EGG-INFO/scripts/omnitune-stats to 755
changing mode of build/bdist.macosx-10.10-x86_64/egg/EGG-INFO/scripts/omnitune-umount to 755
copying omnitune.egg-info/PKG-INFO -> build/bdist.macosx-10.10-x86_64/egg/EGG-INFO
copying omnitune.egg-info/SOURCES.txt -> build/bdist.macosx-10.10-x86_64/egg/EGG-INFO
copying omnitune.egg-info/dependency_links.txt -> build/bdist.macosx-10.10-x86_64/egg/EGG-INFO
copying omnitune.egg-info/not-zip-safe -> build/bdist.macosx-10.10-x86_64/egg/EGG-INFO
copying omnitune.egg-info/pbr.json -> build/bdist.macosx-10.10-x86_64/egg/EGG-INFO
copying omnitune.egg-info/requires.txt -> build/bdist.macosx-10.10-x86_64/egg/EGG-INFO
copying omnitune.egg-info/top_level.txt -> build/bdist.macosx-10.10-x86_64/egg/EGG-INFO
creating 'dist/omnitune-0.0.1-py2.7.egg' and adding 'build/bdist.macosx-10.10-x86_64/egg' to it
removing 'build/bdist.macosx-10.10-x86_64/egg' (and everything under it)
Processing omnitune-0.0.1-py2.7.egg
removing '/usr/local/lib/python2.7/site-packages/omnitune-0.0.1-py2.7.egg' (and everything under it)
creating /usr/local/lib/python2.7/site-packages/omnitune-0.0.1-py2.7.egg
Extracting omnitune-0.0.1-py2.7.egg to /usr/local/lib/python2.7/site-packages
omnitune 0.0.1 is already the active version in easy-install.pth
Installing omnitune-migrate script to /usr/local/bin
Installing omnitune-mount script to /usr/local/bin
Installing omnitune-proxy script to /usr/local/bin
Installing omnitune-pull script to /usr/local/bin
Installing omnitune-push script to /usr/local/bin
Installing omnitune-repair script to /usr/local/bin
Installing omnitune-server script to /usr/local/bin
Installing omnitune-stats script to /usr/local/bin
Installing omnitune-umount script to /usr/local/bin

Installed /usr/local/lib/python2.7/site-packages/omnitune-0.0.1-py2.7.egg
Processing dependencies for omnitune==0.0.1
Searching for seaborn==0.6.0
Best match: seaborn 0.6.0
Adding seaborn 0.6.0 to easy-install.pth file

Using /usr/local/lib/python2.7/site-packages
Searching for python-weka-wrapper==0.3.2
Best match: python-weka-wrapper 0.3.2
Processing python_weka_wrapper-0.3.2-py2.7.egg
python-weka-wrapper 0.3.2 is already the active version in easy-install.pth

Using /usr/local/lib/python2.7/site-packages/python_weka_wrapper-0.3.2-py2.7.egg
Searching for matplotlib==1.4.3
Best match: matplotlib 1.4.3
Adding matplotlib 1.4.3 to easy-install.pth file

Using /usr/local/lib/python2.7/site-packages
Searching for pyopencl==2015.1
Best match: pyopencl 2015.1
Processing pyopencl-2015.1-py2.7-macosx-10.10-x86_64.egg
pyopencl 2015.1 is already the active version in easy-install.pth

Using /usr/local/lib/python2.7/site-packages/pyopencl-2015.1-py2.7-macosx-10.10-x86_64.egg
Searching for numpy==1.9.2
Best match: numpy 1.9.2
Adding numpy 1.9.2 to easy-install.pth file

Using /usr/local/lib/python2.7/site-packages
Searching for labm8==0.0.1
Best match: labm8 0.0.1
Processing labm8-0.0.1-py2.7.egg
labm8 0.0.1 is already the active version in easy-install.pth

Using /usr/local/lib/python2.7/site-packages/labm8-0.0.1-py2.7.egg
Searching for javabridge==1.0.11
Best match: javabridge 1.0.11
Processing javabridge-1.0.11-py2.7-macosx-10.10-x86_64.egg
javabridge 1.0.11 is already the active version in easy-install.pth

Using /usr/local/lib/python2.7/site-packages/javabridge-1.0.11-py2.7-macosx-10.10-x86_64.egg
Searching for mock==1.2.0
Best match: mock 1.2.0
Adding mock 1.2.0 to easy-install.pth file

Using /usr/local/lib/python2.7/site-packages
Searching for six==1.9.0
Best match: six 1.9.0
Processing six-1.9.0-py2.7.egg
six 1.9.0 is already the active version in easy-install.pth

Using /usr/local/lib/python2.7/site-packages/six-1.9.0-py2.7.egg
Searching for nose==1.3.7
Best match: nose 1.3.7
Adding nose 1.3.7 to easy-install.pth file
Installing nosetests script to /usr/local/bin
Installing nosetests-2.7 script to /usr/local/bin

Using /usr/local/lib/python2.7/site-packages
Searching for python-dateutil==2.4.2
Best match: python-dateutil 2.4.2
Processing python_dateutil-2.4.2-py2.7.egg
python-dateutil 2.4.2 is already the active version in easy-install.pth

Using /usr/local/lib/python2.7/site-packages/python_dateutil-2.4.2-py2.7.egg
Searching for pyparsing==2.0.3
Best match: pyparsing 2.0.3
Adding pyparsing 2.0.3 to easy-install.pth file

Using /usr/local/lib/python2.7/site-packages
Searching for pytz==2015.4
Best match: pytz 2015.4
Processing pytz-2015.4-py2.7.egg
pytz 2015.4 is already the active version in easy-install.pth

Using /usr/local/lib/python2.7/site-packages/pytz-2015.4-py2.7.egg
Searching for appdirs==1.4.0
Best match: appdirs 1.4.0
Processing appdirs-1.4.0-py2.7.egg
appdirs 1.4.0 is already the active version in easy-install.pth

Using /usr/local/lib/python2.7/site-packages/appdirs-1.4.0-py2.7.egg
Searching for decorator==3.4.2
Best match: decorator 3.4.2
Processing decorator-3.4.2-py2.7.egg
decorator 3.4.2 is already the active version in easy-install.pth

Using /usr/local/lib/python2.7/site-packages/decorator-3.4.2-py2.7.egg
Searching for pytest==2.7.2
Best match: pytest 2.7.2
Processing pytest-2.7.2-py2.7.egg
pytest 2.7.2 is already the active version in easy-install.pth
Installing py.test-2.7 script to /usr/local/bin
Installing py.test script to /usr/local/bin

Using /usr/local/lib/python2.7/site-packages/pytest-2.7.2-py2.7.egg
Searching for pytools==2015.1.2
Best match: pytools 2015.1.2
Processing pytools-2015.1.2-py2.7.egg
pytools 2015.1.2 is already the active version in easy-install.pth

Using /usr/local/lib/python2.7/site-packages/pytools-2015.1.2-py2.7.egg
Searching for scipy==0.15.1
Best match: scipy 0.15.1
Adding scipy 0.15.1 to easy-install.pth file

Using /usr/local/lib/python2.7/site-packages
Searching for pandas==0.16.2
Best match: pandas 0.16.2
Processing pandas-0.16.2-py2.7-macosx-10.10-x86_64.egg
pandas 0.16.2 is already the active version in easy-install.pth

Using /usr/local/lib/python2.7/site-packages/pandas-0.16.2-py2.7-macosx-10.10-x86_64.egg
Searching for pbr==1.3.0
Best match: pbr 1.3.0
Adding pbr 1.3.0 to easy-install.pth file
Installing pbr script to /usr/local/bin

Using /usr/local/lib/python2.7/site-packages
Searching for funcsigs==0.4
Best match: funcsigs 0.4
Adding funcsigs 0.4 to easy-install.pth file

Using /usr/local/lib/python2.7/site-packages
Searching for py==1.4.30
Best match: py 1.4.30
Processing py-1.4.30-py2.7.egg
py 1.4.30 is already the active version in easy-install.pth

Using /usr/local/lib/python2.7/site-packages/py-1.4.30-py2.7.egg
Finished processing dependencies for omnitune==0.0.1
